<?xml version="1.0" encoding="UTF-8"?>
<testng-results ignored="0" total="1" passed="1" failed="0" skipped="0">
  <reporter-output>
  </reporter-output>
  <suite started-at="2024-02-17T13:58:43 IST" name="Suite" finished-at="2024-02-17T14:00:26 IST" duration-ms="102391">
    <groups>
    </groups>
    <test started-at="2024-02-17T13:58:43 IST" name="Test" finished-at="2024-02-17T14:00:26 IST" duration-ms="102391">
      <class name="org.testing.Testscripts.TC1">
        <test-method is-config="true" signature="init()[pri:0, instance:org.testing.Testscripts.TC1@5ffead27]" started-at="2024-02-17T13:58:43 IST" name="init" finished-at="2024-02-17T13:59:24 IST" duration-ms="41001" status="PASS">
          <reporter-output>
          </reporter-output>
        </test-method> <!-- init -->
        <test-method signature="LoginTrendingclick()[pri:0, instance:org.testing.Testscripts.TC1@5ffead27]" started-at="2024-02-17T13:59:25 IST" name="LoginTrendingclick" finished-at="2024-02-17T14:00:17 IST" duration-ms="52141" status="PASS">
          <reporter-output>
          </reporter-output>
        </test-method> <!-- LoginTrendingclick -->
        <test-method is-config="true" signature="closebrowser()[pri:0, instance:org.testing.Testscripts.TC1@5ffead27]" started-at="2024-02-17T14:00:17 IST" name="closebrowser" finished-at="2024-02-17T14:00:26 IST" duration-ms="8452" status="PASS">
          <reporter-output>
          </reporter-output>
        </test-method> <!-- closebrowser -->
      </class> <!-- org.testing.Testscripts.TC1 -->
    </test> <!-- Test -->
  </suite> <!-- Suite -->
</testng-results>
